C51 COMPILER V9.51   MAIN                                                                  01/16/2024 08:54:13 PAGE 1   


C51 COMPILER V9.51, COMPILATION OF MODULE MAIN
OBJECT MODULE PLACED IN main.OBJ
COMPILER INVOKED BY: C:\Keil\C51\BIN\C51.EXE main.c OMF2 BROWSE DEBUG TABS(2)

line level    source

   1          #include <REGX52.H>
   2          
   3          #define SIG P3_4
   4          
   5          extern void LcdInit();
   6          extern void Lcd_Cursor(char row, char column);
   7          extern void Lcd_DisplayCharacter(char a_char);
   8          extern void Lcd_DisplayString(char row, char column, char *string);
   9          extern void Lcd_WriteControl(unsigned char LcdCommand);
  10          extern void Lcd_DisplayScreen (char *ptr);
  11          extern void Lcd_WriteData (unsigned char LcdData);
  12          
  13          unsigned char data Var1, Var2, Var3;
  14          unsigned char data LC, PC, n, ctr;
  15          unsigned char data stan;
  16          char tab[] = {"3"};
  17          
  18          void Konwersja(unsigned char n) {
  19   1          PC = 0;
  20   1          PC = n % 10;
  21   1          tab[0] = '0' + PC;
  22   1      }
  23          
  24          void Odbiornik(void) interrupt 4{
  25   1          unsigned char data dana;
  26   1          if(TI==1) {
  27   2            TI=0;
  28   2          }
  29   1          if(RI==1){
  30   2              RI=0;
  31   2              dana = SBUF;
  32   2              if(dana == 'S'){
  33   3                ctr = 3;
  34   3                Konwersja(ctr);
  35   3                Lcd_DisplayString(1,1, "|   WPROWADZ   |");
  36   3                Lcd_DisplayString(2,1, "|     KOD      |");
  37   3                Lcd_DisplayString(3,1, "|   DOSTEPU    |");
  38   3                Lcd_DisplayString(4,1, "|LICZBA PROB:  |");
  39   3                Lcd_DisplayString(4,15, tab);
  40   3              }
  41   2              if(dana == 'Z'){
  42   3                Lcd_DisplayString(1,1, "|--------------|");
  43   3                Lcd_DisplayString(2,1, "|    DOSTEP    |");
  44   3                Lcd_DisplayString(3,1, "|   PRZYZNANO  |");
  45   3                Lcd_DisplayString(4,1, "|--------------|");
  46   3              }
  47   2              if(dana == 'B'){
  48   3                ctr--;
  49   3                if(ctr == 0){
  50   4                  Lcd_DisplayString(1,1, "|--------------|");
  51   4                  Lcd_DisplayString(2,1, "|    DOSTEP    |");
  52   4                  Lcd_DisplayString(3,1, "|  ZABLOKOWANO |");
  53   4                  Lcd_DisplayString(4,1, "|--------------|");
  54   4                }
  55   3                else{
C51 COMPILER V9.51   MAIN                                                                  01/16/2024 08:54:13 PAGE 2   

  56   4                Konwersja(ctr);
  57   4                Lcd_DisplayString(1,1, "|BLEDNE HASLO  |");
  58   4                Lcd_DisplayString(2,1, "|SPROBUJ       |");
  59   4                Lcd_DisplayString(3,1, "|PONOWNIE      |");
  60   4                Lcd_DisplayString(4,1, "|LICZBA PROB:  |");
  61   4                Lcd_DisplayString(4,15, tab);
  62   4                }
  63   3                
  64   3            }
  65   2          }
  66   1      }
  67          
  68          void Init(void){
  69   1          SIG = 0;
  70   1          ctr = 3;
  71   1          SCON = 0x50;
  72   1          T2CON = 0x30;
  73   1          TH2 = RCAP2H = 0xFF;
  74   1          TL2 = RCAP2L = 0xDC;
  75   1          ES = 1;
  76   1          EA = 1;
  77   1          TR2 = 1;
  78   1          ctr = 3;
  79   1      }
  80          
  81          void main(void){
  82   1          LcdInit();
  83   1          Init();
  84   1          Lcd_DisplayString(1,1, "|    KLIKNIJ   |");
  85   1          Lcd_DisplayString(2,1, "|   PRZYCISK   |");
  86   1          Lcd_DisplayString(3,1, "|      ABY     |");
  87   1          Lcd_DisplayString(4,1, "|   ROZPOCZAC  |");
  88   1          while(1){
  89   2            ;
  90   2          }
  91   1      }


MODULE INFORMATION:   STATIC OVERLAYABLE
   CODE SIZE        =    457    ----
   CONSTANT SIZE    =    255    ----
   XDATA SIZE       =   ----    ----
   PDATA SIZE       =   ----    ----
   DATA SIZE        =     10       1
   IDATA SIZE       =   ----    ----
   BIT SIZE         =   ----    ----
   EDATA SIZE       =   ----    ----
   HDATA SIZE       =   ----    ----
   XDATA CONST SIZE =   ----    ----
   FAR CONST SIZE   =   ----    ----
END OF MODULE INFORMATION.


C51 COMPILATION COMPLETE.  0 WARNING(S),  0 ERROR(S)
